STL translation to Solid Edge
Datum: Montag,August 09,2021 07:57
Quelldatei:D:\Documents\E-Books\6.Semester\M4000 _ Autonomus Robot\03 Konstruktion\New_Ultra_sonic_holder.stl
Autor: Unbekannt
Organisation: Unbekannt
Ausgangssystem: DEX

Hardware:
Prozessor: Intel(R) Core(TM) i7-8750H CPU @ 2.20GHz
Betriebssystem: Windows 10 Professional
Installierter Speicher: 15,87 GB

Software-Informationen:
Parasolid-Version: 31.1.255
PSBodyshop-Version: 31.1.110
Solid Edge-Version: 220.00.00.104 x64

STL Import Options
Vernetzungsfehler reparieren:Aus
Basisformelement erstellen:Ein
Protokollierung aktivieren:Ein

Konvertierungsfortschritt:
Konvertierungsvorgang ist abgeschlossen
Zum Konvertieren ben—tigte Zeit:00 : 00 : 01
